#
# A fatal error has been detected by the Java Runtime Environment:
#
#  SIGSEGV (0xb) at pc=0x00007fff663ac678, pid=724, tid=0x0000000000000307
#
# JRE version: Java(TM) SE Runtime Environment (8.0_251-b08) (build 1.8.0_251-b08)
# Java VM: Java HotSpot(TM) 64-Bit Server VM (25.251-b08 mixed mode bsd-amd64 compressed oops)
# Problematic frame:
# C  [libobjc.A.dylib+0x8678]  objc_release+0x18
#
# Failed to write core dump. Core dumps have been disabled. To enable core dumping, try "ulimit -c unlimited" before starting Java again
#
# If you would like to submit a bug report, please visit:
#   http://bugreport.java.com/bugreport/crash.jsp
# The crash happened outside the Java Virtual Machine in native code.
# See problematic frame for where to report the bug.
#

---------------  T H R E A D  ---------------

Current thread (0x00007fafa1147800):  JavaThread "JavaFX Application Thread" [_thread_in_native, id=775, stack(0x00007ffee4907000,0x00007ffee5107000)]

siginfo: si_signo: 11 (SIGSEGV), si_code: 1 (SEGV_MAPERR), si_addr: 0x0000000000000020

Registers:
RAX=0x0000000000000000, RBX=0x00007fafa1146000, RCX=0x00007fafa1146068, RDX=0x0000000000100210
RSP=0x00007ffee50fef18, RBP=0x00007ffee50fef40, RSI=0x00007fafa0600000, RDI=0x00007fafa2ee94a0
R8 =0x0000000000007124, R9 =0x0000000000000000, R10=0x00007fafa0600000, R11=0x00007fafa063bcf0
R12=0x0000000000000000, R13=0x00007fafa2e87ac0, R14=0x00007fafa1146058, R15=0xa3a3a3a3a3a3a3a3
RIP=0x00007fff663ac678, EFLAGS=0x0000000000010246, ERR=0x0000000000000004
  TRAPNO=0x000000000000000e

Top of Stack: (sp=0x00007ffee50fef18)
0x00007ffee50fef18:   00007fff663c8054 0000000000000000
0x00007ffee50fef28:   00007fafa1146000 0000000000000000
0x00007ffee50fef38:   00007fff663ac660 00007ffee50fef60
0x00007ffee50fef48:   00007fff663acdba 0000000000000000
0x00007ffee50fef58:   00007fafa1146058 00007ffee50fef80
0x00007ffee50fef68:   00007fff2d5d5c45 0000000000000000
0x00007ffee50fef78:   00007fff663ac660 00007ffee50feff0
0x00007ffee50fef88:   00007fff2fce5233 00007fafa1146058
0x00007ffee50fef98:   00007fafa2cf5750 00007fff717e07a2
0x00007ffee50fefa8:   00007fafa040dfa0 00007fff717e7e09
0x00007ffee50fefb8:   00007fff717f864b 00007fff717e7e0e
0x00007ffee50fefc8:   00007fff2fce50f1 0000000000000001
0x00007ffee50fefd8:   0000000000000000 00007fafa2cf5750
0x00007ffee50fefe8:   0000000300002e88 00007ffee50ff000
0x00007ffee50feff8:   00007fff2d617f12 00007ffee50ff030
0x00007ffee50ff008:   00007fff2d617eb1 00007fafa2c71a30
0x00007ffee50ff018:   00007fafa040e960 0000000000000001
0x00007ffee50ff028:   0000000000000002 00007ffee50ff0a0
0x00007ffee50ff038:   00007fff2d617d27 00007fafa040e800
0x00007ffee50ff048:   0000000000000001 00007fafa040e970
0x00007ffee50ff058:   00007fafa040e810 00000001a040e800
0x00007ffee50ff068:   00007fafa2ed5ec0 2e2195c45d070062
0x00007ffee50ff078:   00007fafa040e800 0000000000000001
0x00007ffee50ff088:   0000000000001301 0000000000000c03
0x00007ffee50ff098:   00007fafa040e960 00007ffee50ffdb0
0x00007ffee50ff0a8:   00007fff2d6169fa 0000000111410a88
0x00007ffee50ff0b8:   000000013782d830 000000011140ed08
0x00007ffee50ff0c8:   0000000000001303 0000000000000d03
0x00007ffee50ff0d8:   00007fff8515b8c0 00007fff717e13dd
0x00007ffee50ff0e8:   00007fff717f4962 00007fff717e6423
0x00007ffee50ff0f8:   00007fafa2e74c00 ffffffffffffffff
0x00007ffee50ff108:   00007fafa2e74c10 00007fafa040e970 

Instructions: (pc=0x00007fff663ac678)
0x00007fff663ac658:   90 90 e9 60 3e 00 00 90 48 85 ff 74 64 40 f6 c7
0x00007fff663ac668:   01 75 5e 48 b8 f8 ff ff ff ff 7f 00 00 48 23 07
0x00007fff663ac678:   f6 40 20 04 74 69 48 b9 00 00 00 00 00 00 00 01
0x00007fff663ac688:   48 ba 00 00 00 00 00 00 40 00 48 8b 07 a8 01 74 

Register to memory mapping:

RAX=0x0000000000000000 is an unknown value
RBX=0x00007fafa1146000 is an unknown value
RCX=0x00007fafa1146068 is an unknown value
RDX=0x0000000000100210 is an unknown value
RSP=0x00007ffee50fef18 is pointing into the stack for thread: 0x00007fafa1147800
RBP=0x00007ffee50fef40 is pointing into the stack for thread: 0x00007fafa1147800
RSI=0x00007fafa0600000 is an unknown value
RDI=0x00007fafa2ee94a0 is an unknown value
R8 =0x0000000000007124 is an unknown value
R9 =0x0000000000000000 is an unknown value
R10=0x00007fafa0600000 is an unknown value
R11=0x00007fafa063bcf0 is an unknown value
R12=0x0000000000000000 is an unknown value
R13=0x00007fafa2e87ac0 is an unknown value
R14=0x00007fafa1146058 is an unknown value
R15=0xa3a3a3a3a3a3a3a3 is an unknown value


Stack: [0x00007ffee4907000,0x00007ffee5107000],  sp=0x00007ffee50fef18,  free space=8159k
Native frames: (J=compiled Java code, j=interpreted, Vv=VM code, C=native code)
C  [libobjc.A.dylib+0x8678]  objc_release+0x18
C  [libobjc.A.dylib+0x8dba]  objc_autoreleasePoolPop+0xaf
C  [CoreFoundation+0x41c45]  _CFAutoreleasePoolPop+0x16
C  [Foundation+0x9b233]  __NSThreadPerformPerform+0x142
C  [CoreFoundation+0x83f12]  __CFRUNLOOP_IS_CALLING_OUT_TO_A_SOURCE0_PERFORM_FUNCTION__+0x11
C  [CoreFoundation+0x83eb1]  __CFRunLoopDoSource0+0x67
C  [CoreFoundation+0x83d27]  __CFRunLoopDoSources0+0x12d
C  [CoreFoundation+0x829fa]  __CFRunLoopRun+0x39f
C  [CoreFoundation+0x81ffe]  CFRunLoopRunSpecific+0x1ce
C  [HIToolbox+0x2fabd]  RunCurrentEventLoopInMode+0x124
C  [HIToolbox+0x2f6f4]  ReceiveNextEventCommon+0x167
C  [HIToolbox+0x2f579]  _BlockUntilNextEventMatchingListInModeWithFilter+0x40
C  [AppKit+0x40c99]  _DPSNextEvent+0x373
C  [AppKit+0x3f4e0]  -[NSApplication(NSEvent) _nextEventMatchingEventMask:untilDate:inMode:dequeue:]+0x548
C  [AppKit+0x311ee]  -[NSApplication run]+0x292
C  [libglass.dylib+0x7569]  -[GlassApplication runLoop:]+0x769
C  [Foundation+0x9b1bd]  __NSThreadPerformPerform+0xcc
C  [CoreFoundation+0x83f12]  __CFRUNLOOP_IS_CALLING_OUT_TO_A_SOURCE0_PERFORM_FUNCTION__+0x11
C  [CoreFoundation+0x83eb1]  __CFRunLoopDoSource0+0x67
C  [CoreFoundation+0x83ccb]  __CFRunLoopDoSources0+0xd1
C  [CoreFoundation+0x829fa]  __CFRunLoopRun+0x39f
C  [CoreFoundation+0x81ffe]  CFRunLoopRunSpecific+0x1ce
C  [java+0x646e]  CreateExecutionEnvironment+0x367
C  [java+0x203c]  JLI_Launch+0x7a0
C  [java+0x84cb]  main+0x65
C  [java+0x1894]  start+0x34
C  0x0000000000000007


---------------  P R O C E S S  ---------------

Java Threads: ( => current thread )
  0x00007fafa1c2a000 JavaThread "PulseTimer-CVDisplayLink thread" daemon [_thread_in_native, id=49023, stack(0x00007000062f9000,0x0000700006379000)]
  0x00007fafa247b000 JavaThread "Prism Font Disposer" daemon [_thread_blocked, id=75783, stack(0x0000700006994000,0x0000700006a94000)]
  0x00007fafa1cfa000 JavaThread "Java2D Disposer" daemon [_thread_blocked, id=54023, stack(0x0000700006891000,0x0000700006991000)]
  0x00007fafa1cbd000 JavaThread "Java2D Queue Flusher" daemon [_thread_blocked, id=77831, stack(0x000070000678e000,0x000070000688e000)]
  0x00007fafa0c0a800 JavaThread "JavaCPP Deallocator" daemon [_thread_blocked, id=32007, stack(0x000070000668b000,0x000070000678b000)]
  0x00007fafa1bab800 JavaThread "JavaFX-Launcher" [_thread_blocked, id=47367, stack(0x0000700006482000,0x0000700006582000)]
=>0x00007fafa1147800 JavaThread "JavaFX Application Thread" [_thread_in_native, id=775, stack(0x00007ffee4907000,0x00007ffee5107000)]
  0x00007fafa0b0d000 JavaThread "Thread-1" daemon [_thread_blocked, id=39175, stack(0x00007000061f6000,0x00007000062f6000)]
  0x00007fafa1136800 JavaThread "QuantumRenderer-0" daemon [_thread_in_native, id=15363, stack(0x00007000060f3000,0x00007000061f3000)]
  0x00007fafa10a8000 JavaThread "Service Thread" daemon [_thread_blocked, id=14595, stack(0x0000700005eed000,0x0000700005fed000)]
  0x00007fafa10a7000 JavaThread "C1 CompilerThread2" daemon [_thread_in_vm, id=16643, stack(0x0000700005dea000,0x0000700005eea000)]
  0x00007fafa1a56800 JavaThread "C2 CompilerThread1" daemon [_thread_in_native, id=17155, stack(0x0000700005ce7000,0x0000700005de7000)]
  0x00007fafa09d4000 JavaThread "C2 CompilerThread0" daemon [_thread_in_native, id=13827, stack(0x0000700005be4000,0x0000700005ce4000)]
  0x00007fafa203a000 JavaThread "JDWP Command Reader" daemon [_thread_in_native, id=13571, stack(0x0000700005ae1000,0x0000700005be1000)]
  0x00007fafa1011800 JavaThread "JDWP Event Helper Thread" daemon [_thread_blocked, id=13059, stack(0x00007000059de000,0x0000700005ade000)]
  0x00007fafa100a800 JavaThread "JDWP Transport Listener: dt_socket" daemon [_thread_blocked, id=17927, stack(0x00007000058db000,0x00007000059db000)]
  0x00007fafa1009800 JavaThread "Signal Dispatcher" daemon [_thread_blocked, id=12803, stack(0x00007000057d8000,0x00007000058d8000)]
  0x00007fafa184e000 JavaThread "Finalizer" daemon [_thread_blocked, id=20227, stack(0x00007000055cf000,0x00007000056cf000)]
  0x00007fafa184b000 JavaThread "Reference Handler" daemon [_thread_blocked, id=20739, stack(0x00007000054cc000,0x00007000055cc000)]
  0x00007fafa2009800 JavaThread "main" [_thread_blocked, id=4355, stack(0x0000700004eba000,0x0000700004fba000)]

Other Threads:
  0x00007fafa201d800 VMThread [stack: 0x00007000053c9000,0x00007000054c9000] [id=21251]
  0x00007fafa20f9800 WatcherThread [stack: 0x0000700005ff0000,0x00007000060f0000] [id=14851]

VM state:not at safepoint (normal execution)

VM Mutex/Monitor currently owned by a thread: None

heap address: 0x0000000740000000, size: 2048 MB, Compressed Oops mode: Zero based, Oop shift amount: 3
Narrow klass base: 0x0000000000000000, Narrow klass shift: 3
Compressed class space size: 1073741824 Address: 0x00000007c0000000

Heap:
 PSYoungGen      total 114176K, used 21184K [0x0000000795580000, 0x000000079df00000, 0x00000007c0000000)
  eden space 91648K, 18% used [0x0000000795580000,0x00000007966740d0,0x000000079af00000)
  from space 22528K, 16% used [0x000000079c900000,0x000000079ccbc010,0x000000079df00000)
  to   space 24576K, 0% used [0x000000079af00000,0x000000079af00000,0x000000079c700000)
 ParOldGen       total 81920K, used 54264K [0x0000000740000000, 0x0000000745000000, 0x0000000795580000)
  object space 81920K, 66% used [0x0000000740000000,0x00000007434fe350,0x0000000745000000)
 Metaspace       used 28978K, capacity 29994K, committed 30080K, reserved 1075200K
  class space    used 3719K, capacity 3936K, committed 3968K, reserved 1048576K

Card table byte_map: [0x000000010c7ef000,0x000000010cbf0000] byte_map_base: 0x0000000108def000

Marking Bits: (ParMarkBitMap*) 0x000000010bd00f60
 Begin Bits: [0x000000010ce9b000, 0x000000010ee9b000)
 End Bits:   [0x000000010ee9b000, 0x0000000110e9b000)

Polling page: 0x000000010ab6a000

CodeCache: size=245760Kb used=12923Kb max_used=12933Kb free=232836Kb
 bounds [0x0000000114196000, 0x0000000114e56000, 0x0000000123196000]
 total_blobs=4784 nmethods=3875 adapters=830
 compilation: enabled

Compilation events (10 events):
Event: 586.327 Thread 0x00007fafa10a7000 nmethod 4231 0x0000000114e3cf50 code [0x0000000114e3d0e0, 0x0000000114e3d4a8]
Event: 586.327 Thread 0x00007fafa10a7000 4233       3       javafx.scene.CssStyleHelper::updateParentTriggerStates (106 bytes)
Event: 586.329 Thread 0x00007fafa10a7000 nmethod 4233 0x0000000114e3d5d0 code [0x0000000114e3d820, 0x0000000114e3e688]
Event: 586.329 Thread 0x00007fafa10a7000 4232       3       javafx.scene.Node::reapplyCss (174 bytes)
Event: 586.330 Thread 0x00007fafa10a7000 nmethod 4232 0x0000000114e3ee90 code [0x0000000114e3f140, 0x0000000114e40768]
Event: 586.330 Thread 0x00007fafa10a7000 4228       3       javafx.scene.Node::getLayoutY (19 bytes)
Event: 586.330 Thread 0x00007fafa10a7000 nmethod 4228 0x0000000114e40e10 code [0x0000000114e40fa0, 0x0000000114e41368]
Event: 586.330 Thread 0x00007fafa10a7000 4223       3       javafx.collections.FXCollections$UnmodifiableObservableSet::iterator (9 bytes)
Event: 586.331 Thread 0x00007fafa10a7000 nmethod 4223 0x0000000114e41490 code [0x0000000114e41620, 0x0000000114e419a8]
Event: 586.331 Thread 0x00007fafa10a7000 4237       1       sun.text.bidi.BidiBase::DirPropFlag (4 bytes)

GC Heap History (10 events):
Event: 581.019 GC heap before
{Heap before GC invocations=21 (full 1):
 PSYoungGen      total 123392K, used 120451K [0x0000000795580000, 0x000000079f300000, 0x00000007c0000000)
  eden space 107008K, 97% used [0x0000000795580000,0x000000079bb2a0b8,0x000000079be00000)
  from space 16384K, 99% used [0x000000079c300000,0x000000079d2f6e70,0x000000079d300000)
  to   space 27136K, 0% used [0x000000079d880000,0x000000079d880000,0x000000079f300000)
 ParOldGen       total 81920K, used 39774K [0x0000000740000000, 0x0000000745000000, 0x0000000795580000)
  object space 81920K, 48% used [0x0000000740000000,0x00000007426d7ab8,0x0000000745000000)
 Metaspace       used 28874K, capacity 29862K, committed 30080K, reserved 1075200K
  class space    used 3719K, capacity 3936K, committed 3968K, reserved 1048576K
Event: 581.029 GC heap after
Heap after GC invocations=21 (full 1):
 PSYoungGen      total 124928K, used 11944K [0x0000000795580000, 0x000000079ed80000, 0x00000007c0000000)
  eden space 103424K, 0% used [0x0000000795580000,0x0000000795580000,0x000000079ba80000)
  from space 21504K, 55% used [0x000000079d880000,0x000000079e42a3e0,0x000000079ed80000)
  to   space 26112K, 0% used [0x000000079ba80000,0x000000079ba80000,0x000000079d400000)
 ParOldGen       total 81920K, used 44223K [0x0000000740000000, 0x0000000745000000, 0x0000000795580000)
  object space 81920K, 53% used [0x0000000740000000,0x0000000742b2ff60,0x0000000745000000)
 Metaspace       used 28874K, capacity 29862K, committed 30080K, reserved 1075200K
  class space    used 3719K, capacity 3936K, committed 3968K, reserved 1048576K
}
Event: 582.323 GC heap before
{Heap before GC invocations=22 (full 1):
 PSYoungGen      total 124928K, used 111980K [0x0000000795580000, 0x000000079ed80000, 0x00000007c0000000)
  eden space 103424K, 96% used [0x0000000795580000,0x000000079b730ea0,0x000000079ba80000)
  from space 21504K, 55% used [0x000000079d880000,0x000000079e42a3e0,0x000000079ed80000)
  to   space 26112K, 0% used [0x000000079ba80000,0x000000079ba80000,0x000000079d400000)
 ParOldGen       total 81920K, used 44223K [0x0000000740000000, 0x0000000745000000, 0x0000000795580000)
  object space 81920K, 53% used [0x0000000740000000,0x0000000742b2ff60,0x0000000745000000)
 Metaspace       used 28885K, capacity 29926K, committed 30080K, reserved 1075200K
  class space    used 3719K, capacity 3936K, committed 3968K, reserved 1048576K
Event: 582.328 GC heap after
Heap after GC invocations=22 (full 1):
 PSYoungGen      total 109056K, used 8216K [0x0000000795580000, 0x000000079ea80000, 0x00000007c0000000)
  eden space 100352K, 0% used [0x0000000795580000,0x0000000795580000,0x000000079b780000)
  from space 8704K, 94% used [0x000000079ba80000,0x000000079c2863d0,0x000000079c300000)
  to   space 26112K, 0% used [0x000000079d100000,0x000000079d100000,0x000000079ea80000)
 ParOldGen       total 81920K, used 44343K [0x0000000740000000, 0x0000000745000000, 0x0000000795580000)
  object space 81920K, 54% used [0x0000000740000000,0x0000000742b4df60,0x0000000745000000)
 Metaspace       used 28885K, capacity 29926K, committed 30080K, reserved 1075200K
  class space    used 3719K, capacity 3936K, committed 3968K, reserved 1048576K
}
Event: 583.566 GC heap before
{Heap before GC invocations=23 (full 1):
 PSYoungGen      total 109056K, used 108003K [0x0000000795580000, 0x000000079ea80000, 0x00000007c0000000)
  eden space 100352K, 99% used [0x0000000795580000,0x000000079b6f28a0,0x000000079b780000)
  from space 8704K, 94% used [0x000000079ba80000,0x000000079c2863d0,0x000000079c300000)
  to   space 26112K, 0% used [0x000000079d100000,0x000000079d100000,0x000000079ea80000)
 ParOldGen       total 81920K, used 44343K [0x0000000740000000, 0x0000000745000000, 0x0000000795580000)
  object space 81920K, 54% used [0x0000000740000000,0x0000000742b4df60,0x0000000745000000)
 Metaspace       used 28922K, capacity 29926K, committed 30080K, reserved 1075200K
  class space    used 3719K, capacity 3936K, committed 3968K, reserved 1048576K
Event: 583.570 GC heap after
Heap after GC invocations=23 (full 1):
 PSYoungGen      total 118272K, used 11752K [0x0000000795580000, 0x000000079e580000, 0x00000007c0000000)
  eden space 97280K, 0% used [0x0000000795580000,0x0000000795580000,0x000000079b480000)
  from space 20992K, 55% used [0x000000079d100000,0x000000079dc7a3e0,0x000000079e580000)
  to   space 25088K, 0% used [0x000000079b480000,0x000000079b480000,0x000000079cd00000)
 ParOldGen       total 81920K, used 44383K [0x0000000740000000, 0x0000000745000000, 0x0000000795580000)
  object space 81920K, 54% used [0x0000000740000000,0x0000000742b57f60,0x0000000745000000)
 Metaspace       used 28922K, capacity 29926K, committed 30080K, reserved 1075200K
  class space    used 3719K, capacity 3936K, committed 3968K, reserved 1048576K
}
Event: 584.647 GC heap before
{Heap before GC invocations=24 (full 1):
 PSYoungGen      total 118272K, used 107794K [0x0000000795580000, 0x000000079e580000, 0x00000007c0000000)
  eden space 97280K, 98% used [0x0000000795580000,0x000000079b34a5a8,0x000000079b480000)
  from space 20992K, 55% used [0x000000079d100000,0x000000079dc7a3e0,0x000000079e580000)
  to   space 25088K, 0% used [0x000000079b480000,0x000000079b480000,0x000000079cd00000)
 ParOldGen       total 81920K, used 44383K [0x0000000740000000, 0x0000000745000000, 0x0000000795580000)
  object space 81920K, 54% used [0x0000000740000000,0x0000000742b57f60,0x0000000745000000)
 Metaspace       used 28951K, capacity 29926K, committed 30080K, reserved 1075200K
  class space    used 3719K, capacity 3936K, committed 3968K, reserved 1048576K
Event: 584.655 GC heap after
Heap after GC invocations=24 (full 1):
 PSYoungGen      total 105472K, used 10992K [0x0000000795580000, 0x000000079e080000, 0x00000007c0000000)
  eden space 94208K, 0% used [0x0000000795580000,0x0000000795580000,0x000000079b180000)
  from space 11264K, 97% used [0x000000079b480000,0x000000079bf3c030,0x000000079bf80000)
  to   space 24064K, 0% used [0x000000079c900000,0x000000079c900000,0x000000079e080000)
 ParOldGen       total 81920K, used 54232K [0x0000000740000000, 0x0000000745000000, 0x0000000795580000)
  object space 81920K, 66% used [0x0000000740000000,0x00000007434f6350,0x0000000745000000)
 Metaspace       used 28951K, capacity 29926K, committed 30080K, reserved 1075200K
  class space    used 3719K, capacity 3936K, committed 3968K, reserved 1048576K
}
Event: 585.733 GC heap before
{Heap before GC invocations=25 (full 1):
 PSYoungGen      total 105472K, used 103482K [0x0000000795580000, 0x000000079e080000, 0x00000007c0000000)
  eden space 94208K, 98% used [0x0000000795580000,0x000000079afd29f8,0x000000079b180000)
  from space 11264K, 97% used [0x000000079b480000,0x000000079bf3c030,0x000000079bf80000)
  to   space 24064K, 0% used [0x000000079c900000,0x000000079c900000,0x000000079e080000)
 ParOldGen       total 81920K, used 54232K [0x0000000740000000, 0x0000000745000000, 0x0000000795580000)
  object space 81920K, 66% used [0x0000000740000000,0x00000007434f6350,0x0000000745000000)
 Metaspace       used 28962K, capacity 29994K, committed 30080K, reserved 1075200K
  class space    used 3719K, capacity 3936K, committed 3968K, reserved 1048576K
Event: 585.735 GC heap after
Heap after GC invocations=25 (full 1):
 PSYoungGen      total 114176K, used 3824K [0x0000000795580000, 0x000000079df00000, 0x00000007c0000000)
  eden space 91648K, 0% used [0x0000000795580000,0x0000000795580000,0x000000079af00000)
  from space 22528K, 16% used [0x000000079c900000,0x000000079ccbc010,0x000000079df00000)
  to   space 24576K, 0% used [0x000000079af00000,0x000000079af00000,0x000000079c700000)
 ParOldGen       total 81920K, used 54264K [0x0000000740000000, 0x0000000745000000, 0x0000000795580000)
  object space 81920K, 66% used [0x0000000740000000,0x00000007434fe350,0x0000000745000000)
 Metaspace       used 28962K, capacity 29994K, committed 30080K, reserved 1075200K
  class space    used 3719K, capacity 3936K, committed 3968K, reserved 1048576K
}

Deoptimization events (10 events):
Event: 578.934 Thread 0x00007fafa1136800 Uncommon trap: reason=unstable_if action=reinterpret pc=0x0000000114cd3400 method=com.sun.prism.impl.ManagedResource.isValid()Z @ 4
Event: 579.780 Thread 0x00007fafa1136800 Uncommon trap: reason=unstable_if action=reinterpret pc=0x0000000114d27fcc method=com.sun.javafx.geom.RectBounds.contains(Lcom/sun/javafx/geom/RectBounds;)Z @ 49
Event: 579.787 Thread 0x00007fafa1136800 Uncommon trap: reason=unstable_if action=reinterpret pc=0x0000000114d03884 method=com.sun.prism.impl.ps.PaintHelper.initGradient(Lcom/sun/prism/paint/Gradient;)I @ 8
Event: 586.327 Thread 0x00007fafa1147800 Uncommon trap: reason=unstable_if action=reinterpret pc=0x000000011475406c method=com.sun.javafx.css.BitSet.add(Ljava/lang/Object;)Z @ 91
Event: 586.331 Thread 0x00007fafa1147800 Uncommon trap: reason=class_check action=maybe_recompile pc=0x000000011498ec1c method=javafx.scene.Node.updateLocalToParentTransform()V @ 11
Event: 586.331 Thread 0x00007fafa1147800 Uncommon trap: reason=null_check action=make_not_entrant pc=0x0000000114b786f8 method=javafx.scene.Node$MiscProperties.getClip()Ljavafx/scene/Node; @ 20
Event: 586.331 Thread 0x00007fafa1147800 Uncommon trap: reason=class_check action=maybe_recompile pc=0x000000011498ec1c method=javafx.scene.Node.updateLocalToParentTransform()V @ 11
Event: 586.331 Thread 0x00007fafa1147800 Uncommon trap: reason=null_check action=make_not_entrant pc=0x0000000114d07a58 method=javafx.scene.Node$MiscProperties.getClip()Ljavafx/scene/Node; @ 20
Event: 586.331 Thread 0x00007fafa1147800 Uncommon trap: reason=class_check action=maybe_recompile pc=0x000000011498ec1c method=javafx.scene.Node.updateLocalToParentTransform()V @ 11
Event: 586.331 Thread 0x00007fafa1147800 Uncommon trap: reason=class_check action=maybe_recompile pc=0x000000011498ec1c method=javafx.scene.Node.updateLocalToParentTransform()V @ 11

Classes redefined (0 events):
No events

Internal exceptions (10 events):
Event: 563.669 Thread 0x00007fafa1147800 Exception <a 'java/security/PrivilegedActionException'> (0x0000000796147bb0) thrown at [/jenkins/workspace/8-2-build-macosx-x86_64/jdk8u251/737/hotspot/src/share/vm/prims/jvm.cpp, line 1502]
Event: 564.075 Thread 0x00007fafa1147800 Exception <a 'java/net/SocketException': Socket closed> (0x0000000796d21ec8) thrown at [/jenkins/workspace/8-2-build-macosx-x86_64/jdk8u251/737/hotspot/src/share/vm/prims/jni.cpp, line 736]
Event: 564.091 Thread 0x00007fafa1147800 Exception <a 'java/lang/reflect/InvocationTargetException'> (0x0000000796d926e0) thrown at [/jenkins/workspace/8-2-build-macosx-x86_64/jdk8u251/737/hotspot/src/share/vm/runtime/reflection.cpp, line 1092]
Event: 564.091 Thread 0x00007fafa1147800 Exception <a 'java/net/SocketException': Socket closed> (0x0000000796d92d08) thrown at [/jenkins/workspace/8-2-build-macosx-x86_64/jdk8u251/737/hotspot/src/share/vm/prims/jni.cpp, line 736]
Event: 564.092 Thread 0x00007fafa1147800 Exception <a 'java/lang/reflect/InvocationTargetException'> (0x0000000796dabd50) thrown at [/jenkins/workspace/8-2-build-macosx-x86_64/jdk8u251/737/hotspot/src/share/vm/runtime/reflection.cpp, line 1092]
Event: 586.308 Thread 0x00007fafa1147800 Exception <a 'java/lang/NullPointerException'> (0x000000079657ec50) thrown at [/jenkins/workspace/8-2-build-macosx-x86_64/jdk8u251/737/hotspot/src/share/vm/interpreter/linkResolver.cpp, line 1287]
Event: 586.308 Thread 0x00007fafa1147800 Exception <a 'java/lang/reflect/InvocationTargetException'> (0x000000079657f040) thrown at [/jenkins/workspace/8-2-build-macosx-x86_64/jdk8u251/737/hotspot/src/share/vm/runtime/reflection.cpp, line 1092]
Event: 586.308 Thread 0x00007fafa1147800 Exception <a 'java/lang/RuntimeException'> (0x000000079657f868) thrown at [/jenkins/workspace/8-2-build-macosx-x86_64/jdk8u251/737/hotspot/src/share/vm/prims/jvm.cpp, line 1506]
Event: 586.331 Thread 0x00007fafa1147800 Implicit null exception at 0x0000000114b77cc4 to 0x0000000114b786e9
Event: 586.331 Thread 0x00007fafa1147800 Implicit null exception at 0x0000000114d06ed9 to 0x0000000114d07a31

Events (10 events):
Event: 586.331 Thread 0x00007fafa1147800 DEOPT UNPACKING pc=0x00000001141db73a sp=0x00007ffee50fd1f0 mode 2
Event: 586.331 Thread 0x00007fafa1147800 Uncommon trap: trap_request=0xfffffff4 fr.pc=0x0000000114d07a58
Event: 586.331 Thread 0x00007fafa1147800 DEOPT PACKING pc=0x0000000114d07a58 sp=0x00007ffee50fd050
Event: 586.331 Thread 0x00007fafa1147800 DEOPT UNPACKING pc=0x00000001141db73a sp=0x00007ffee50fcf50 mode 2
Event: 586.331 Thread 0x00007fafa1147800 Uncommon trap: trap_request=0xffffffde fr.pc=0x000000011498ec1c
Event: 586.331 Thread 0x00007fafa1147800 DEOPT PACKING pc=0x000000011498ec1c sp=0x00007ffee50fd250
Event: 586.331 Thread 0x00007fafa1147800 DEOPT UNPACKING pc=0x00000001141db73a sp=0x00007ffee50fd1f0 mode 2
Event: 586.331 Thread 0x00007fafa1147800 Uncommon trap: trap_request=0xffffffde fr.pc=0x000000011498ec1c
Event: 586.331 Thread 0x00007fafa1147800 DEOPT PACKING pc=0x000000011498ec1c sp=0x00007ffee50fd250
Event: 586.331 Thread 0x00007fafa1147800 DEOPT UNPACKING pc=0x00000001141db73a sp=0x00007ffee50fd1f0 mode 2


Dynamic libraries:
0x00007fff2c6f9000 	/System/Library/Frameworks/Cocoa.framework/Versions/A/Cocoa
0x00007fff39ed6000 	/System/Library/Frameworks/Security.framework/Versions/A/Security
0x00007fff2b663000 	/System/Library/Frameworks/ApplicationServices.framework/Versions/A/ApplicationServices
0x00007fff66a80000 	/usr/lib/libz.1.dylib
0x00007fff64544000 	/usr/lib/libSystem.B.dylib
0x00007fff663a4000 	/usr/lib/libobjc.A.dylib
0x00007fff2d594000 	/System/Library/Frameworks/CoreFoundation.framework/Versions/A/CoreFoundation
0x00007fff2fc4a000 	/System/Library/Frameworks/Foundation.framework/Versions/C/Foundation
0x00007fff2a854000 	/System/Library/Frameworks/AppKit.framework/Versions/C/AppKit
0x00007fff2d07d000 	/System/Library/Frameworks/CoreData.framework/Versions/A/CoreData
0x00007fff5e565000 	/System/Library/PrivateFrameworks/UIFoundation.framework/Versions/A/UIFoundation
0x00007fff59613000 	/System/Library/PrivateFrameworks/RemoteViewServices.framework/Versions/A/RemoteViewServices
0x00007fff610b9000 	/System/Library/PrivateFrameworks/XCTTargetBootstrap.framework/Versions/A/XCTTargetBootstrap
0x00007fff2d468000 	/System/Library/Frameworks/CoreDisplay.framework/Versions/A/CoreDisplay
0x00007fff32b03000 	/System/Library/Frameworks/Metal.framework/Versions/A/Metal
0x00007fff4766c000 	/System/Library/PrivateFrameworks/DesktopServicesPriv.framework/Versions/A/DesktopServicesPriv
0x00007fff65681000 	/usr/lib/liblangid.dylib
0x00007fff46905000 	/System/Library/PrivateFrameworks/CoreSVG.framework/Versions/A/CoreSVG
0x00007fff5c769000 	/System/Library/PrivateFrameworks/SkyLight.framework/Versions/A/SkyLight
0x00007fff2da15000 	/System/Library/Frameworks/CoreGraphics.framework/Versions/A/CoreGraphics
0x00007fff29228000 	/System/Library/Frameworks/Accelerate.framework/Versions/A/Accelerate
0x00007fff66971000 	/usr/lib/libxml2.2.dylib
0x00007fff525c5000 	/System/Library/PrivateFrameworks/IconServices.framework/Versions/A/IconServices
0x00007fff30429000 	/System/Library/Frameworks/IOSurface.framework/Versions/A/IOSurface
0x00007fff6406e000 	/usr/lib/libDiagnosticMessagesClient.dylib
0x00007fff474c6000 	/System/Library/PrivateFrameworks/DFRFoundation.framework/Versions/A/DFRFoundation
0x00007fff65410000 	/usr/lib/libicucore.A.dylib
0x00007fff2b995000 	/System/Library/Frameworks/AudioToolbox.framework/Versions/A/AudioToolbox
0x00007fff2ba78000 	/System/Library/Frameworks/AudioUnit.framework/Versions/A/AudioUnit
0x00007fff64746000 	/usr/lib/libauto.dylib
0x00007fff47568000 	/System/Library/PrivateFrameworks/DataDetectorsCore.framework/Versions/A/DataDetectorsCore
0x00007fff2c21a000 	/System/Library/Frameworks/Carbon.framework/Versions/A/Frameworks/HIToolbox.framework/Versions/A/HIToolbox
0x00007fff390d3000 	/System/Library/Frameworks/QuartzCore.framework/Versions/A/QuartzCore
0x00007fff2c559000 	/System/Library/Frameworks/Carbon.framework/Versions/A/Frameworks/SpeechRecognition.framework/Versions/A/SpeechRecognition
0x00007fff46fdd000 	/System/Library/PrivateFrameworks/CoreUI.framework/Versions/A/CoreUI
0x00007fff2cae8000 	/System/Library/Frameworks/CoreAudio.framework/Versions/A/CoreAudio
0x00007fff2f90f000 	/System/Library/Frameworks/DiskArbitration.framework/Versions/A/DiskArbitration
0x00007fff54612000 	/System/Library/PrivateFrameworks/MultitouchSupport.framework/Versions/A/MultitouchSupport
0x00007fff652d7000 	/usr/lib/libenergytrace.dylib
0x00007fff30383000 	/System/Library/Frameworks/IOKit.framework/Versions/A/IOKit
0x00007fff2e97c000 	/System/Library/Frameworks/CoreServices.framework/Versions/A/CoreServices
0x00007fff567a9000 	/System/Library/PrivateFrameworks/PerformanceAnalysis.framework/Versions/A/PerformanceAnalysis
0x00007fff38106000 	/System/Library/Frameworks/OpenGL.framework/Versions/A/OpenGL
0x00007fff2c707000 	/System/Library/Frameworks/ColorSync.framework/Versions/A/ColorSync
0x00007fff2e097000 	/System/Library/Frameworks/CoreImage.framework/Versions/A/CoreImage
0x00007fff2f3ee000 	/System/Library/Frameworks/CoreText.framework/Versions/A/CoreText
0x00007fff304b9000 	/System/Library/Frameworks/ImageIO.framework/Versions/A/ImageIO
0x00007fff6482a000 	/usr/lib/libc++.1.dylib
0x00007fff648a6000 	/usr/lib/libcompression.dylib
0x00007fff643b2000 	/usr/lib/libMobileGestalt.dylib
0x00007fff5e2de000 	/System/Library/PrivateFrameworks/TextureIO.framework/Versions/A/TextureIO
0x00007fff646a9000 	/usr/lib/libate.dylib
0x00007fff527ce000 	/System/Library/PrivateFrameworks/InternationalSupport.framework/Versions/A/InternationalSupport
0x00007fff67340000 	/usr/lib/system/libcache.dylib
0x00007fff67346000 	/usr/lib/system/libcommonCrypto.dylib
0x00007fff67352000 	/usr/lib/system/libcompiler_rt.dylib
0x00007fff6735a000 	/usr/lib/system/libcopyfile.dylib
0x00007fff67364000 	/usr/lib/system/libcorecrypto.dylib
0x00007fff67503000 	/usr/lib/system/libdispatch.dylib
0x00007fff67544000 	/usr/lib/system/libdyld.dylib
0x00007fff6757b000 	/usr/lib/system/libkeymgr.dylib
0x00007fff67589000 	/usr/lib/system/liblaunch.dylib
0x00007fff6758a000 	/usr/lib/system/libmacho.dylib
0x00007fff67590000 	/usr/lib/system/libquarantine.dylib
0x00007fff67593000 	/usr/lib/system/libremovefile.dylib
0x00007fff67595000 	/usr/lib/system/libsystem_asl.dylib
0x00007fff675ad000 	/usr/lib/system/libsystem_blocks.dylib
0x00007fff675ae000 	/usr/lib/system/libsystem_c.dylib
0x00007fff67636000 	/usr/lib/system/libsystem_configuration.dylib
0x00007fff6763a000 	/usr/lib/system/libsystem_coreservices.dylib
0x00007fff6763e000 	/usr/lib/system/libsystem_darwin.dylib
0x00007fff67647000 	/usr/lib/system/libsystem_dnssd.dylib
0x00007fff6764f000 	/usr/lib/system/libsystem_featureflags.dylib
0x00007fff67651000 	/usr/lib/system/libsystem_info.dylib
0x00007fff676cc000 	/usr/lib/system/libsystem_m.dylib
0x00007fff67714000 	/usr/lib/system/libsystem_malloc.dylib
0x00007fff6773c000 	/usr/lib/system/libsystem_networkextension.dylib
0x00007fff6774a000 	/usr/lib/system/libsystem_notify.dylib
0x00007fff67768000 	/usr/lib/system/libsystem_sandbox.dylib
0x00007fff6776d000 	/usr/lib/system/libsystem_secinit.dylib
0x00007fff6769f000 	/usr/lib/system/libsystem_kernel.dylib
0x00007fff67754000 	/usr/lib/system/libsystem_platform.dylib
0x00007fff6775d000 	/usr/lib/system/libsystem_pthread.dylib
0x00007fff67770000 	/usr/lib/system/libsystem_symptoms.dylib
0x00007fff67778000 	/usr/lib/system/libsystem_trace.dylib
0x00007fff67790000 	/usr/lib/system/libunwind.dylib
0x00007fff67796000 	/usr/lib/system/libxpc.dylib
0x00007fff6487d000 	/usr/lib/libc++abi.dylib
0x00007fff65683000 	/usr/lib/liblzma.5.dylib
0x00007fff652fe000 	/usr/lib/libfakelink.dylib
0x00007fff64636000 	/usr/lib/libarchive.2.dylib
0x00007fff3af86000 	/System/Library/Frameworks/SystemConfiguration.framework/Versions/A/SystemConfiguration
0x00007fff63fa1000 	/usr/lib/libCRFSuite.dylib
0x00007fff2be0b000 	/System/Library/Frameworks/CFNetwork.framework/Versions/A/CFNetwork
0x00007fff6480c000 	/usr/lib/libbsm.0.dylib
0x00007fff6757c000 	/usr/lib/system/libkxld.dylib
0x00007fff40e9b000 	/System/Library/PrivateFrameworks/AppleFSCompression.framework/Versions/A/AppleFSCompression
0x00007fff64b97000 	/usr/lib/libcoretls.dylib
0x00007fff64bae000 	/usr/lib/libcoretls_cfhelpers.dylib
0x00007fff663ea000 	/usr/lib/libpam.2.dylib
0x00007fff6651f000 	/usr/lib/libsqlite3.dylib
0x00007fff6695e000 	/usr/lib/libxar.1.dylib
0x00007fff6481d000 	/usr/lib/libbz2.1.0.dylib
0x00007fff6531f000 	/usr/lib/libiconv.2.dylib
0x00007fff64893000 	/usr/lib/libcharset.1.dylib
0x00007fff65e89000 	/usr/lib/libnetwork.dylib
0x00007fff663f1000 	/usr/lib/libpcap.A.dylib
0x00007fff645eb000 	/usr/lib/libapple_nghttp2.dylib
0x00007fff2ed33000 	/System/Library/Frameworks/CoreServices.framework/Versions/A/Frameworks/FSEvents.framework/Versions/A/FSEvents
0x00007fff2ea03000 	/System/Library/Frameworks/CoreServices.framework/Versions/A/Frameworks/CarbonCore.framework/Versions/A/CarbonCore
0x00007fff2ef76000 	/System/Library/Frameworks/CoreServices.framework/Versions/A/Frameworks/Metadata.framework/Versions/A/Metadata
0x00007fff2f00f000 	/System/Library/Frameworks/CoreServices.framework/Versions/A/Frameworks/OSServices.framework/Versions/A/OSServices
0x00007fff2f03d000 	/System/Library/Frameworks/CoreServices.framework/Versions/A/Frameworks/SearchKit.framework/Versions/A/SearchKit
0x00007fff2e97d000 	/System/Library/Frameworks/CoreServices.framework/Versions/A/Frameworks/AE.framework/Versions/A/AE
0x00007fff2ed3c000 	/System/Library/Frameworks/CoreServices.framework/Versions/A/Frameworks/LaunchServices.framework/Versions/A/LaunchServices
0x00007fff2ece5000 	/System/Library/Frameworks/CoreServices.framework/Versions/A/Frameworks/DictionaryServices.framework/Versions/A/DictionaryServices
0x00007fff2f0a5000 	/System/Library/Frameworks/CoreServices.framework/Versions/A/Frameworks/SharedFileList.framework/Versions/A/SharedFileList
0x00007fff33f26000 	/System/Library/Frameworks/NetFS.framework/Versions/A/NetFS
0x00007fff54b41000 	/System/Library/PrivateFrameworks/NetAuth.framework/Versions/A/NetAuth
0x00007fff61486000 	/System/Library/PrivateFrameworks/login.framework/Versions/A/Frameworks/loginsupport.framework/Versions/A/loginsupport
0x00007fff5ddab000 	/System/Library/PrivateFrameworks/TCC.framework/Versions/A/TCC
0x00007fff45a78000 	/System/Library/PrivateFrameworks/CoreNLP.framework/Versions/A/CoreNLP
0x00007fff54040000 	/System/Library/PrivateFrameworks/MetadataUtilities.framework/Versions/A/MetadataUtilities
0x00007fff6575b000 	/usr/lib/libmecabra.dylib
0x00007fff656b3000 	/usr/lib/libmecab.dylib
0x00007fff6530f000 	/usr/lib/libgermantok.dylib
0x00007fff645d2000 	/usr/lib/libThaiTokenizer.dylib
0x00007fff63fd8000 	/usr/lib/libChineseTokenizer.dylib
0x00007fff29240000 	/System/Library/Frameworks/Accelerate.framework/Versions/A/Frameworks/vImage.framework/Versions/A/vImage
0x00007fff2a6aa000 	/System/Library/Frameworks/Accelerate.framework/Versions/A/Frameworks/vecLib.framework/Versions/A/vecLib
0x00007fff2a5e7000 	/System/Library/Frameworks/Accelerate.framework/Versions/A/Frameworks/vecLib.framework/Versions/A/libvMisc.dylib
0x00007fff2a40f000 	/System/Library/Frameworks/Accelerate.framework/Versions/A/Frameworks/vecLib.framework/Versions/A/libvDSP.dylib
0x00007fff29897000 	/System/Library/Frameworks/Accelerate.framework/Versions/A/Frameworks/vecLib.framework/Versions/A/libBLAS.dylib
0x00007fff29fd3000 	/System/Library/Frameworks/Accelerate.framework/Versions/A/Frameworks/vecLib.framework/Versions/A/libLAPACK.dylib
0x00007fff2a36f000 	/System/Library/Frameworks/Accelerate.framework/Versions/A/Frameworks/vecLib.framework/Versions/A/libLinearAlgebra.dylib
0x00007fff2a3fc000 	/System/Library/Frameworks/Accelerate.framework/Versions/A/Frameworks/vecLib.framework/Versions/A/libSparseBLAS.dylib
0x00007fff2a385000 	/System/Library/Frameworks/Accelerate.framework/Versions/A/Frameworks/vecLib.framework/Versions/A/libQuadrature.dylib
0x00007fff29aff000 	/System/Library/Frameworks/Accelerate.framework/Versions/A/Frameworks/vecLib.framework/Versions/A/libBNNS.dylib
0x00007fff2a38b000 	/System/Library/Frameworks/Accelerate.framework/Versions/A/Frameworks/vecLib.framework/Versions/A/libSparse.dylib
0x00007fff52bb6000 	/System/Library/PrivateFrameworks/LanguageModeling.framework/Versions/A/LanguageModeling
0x00007fff45428000 	/System/Library/PrivateFrameworks/CoreEmoji.framework/Versions/A/CoreEmoji
0x00007fff52cd4000 	/System/Library/PrivateFrameworks/LinguisticData.framework/Versions/A/LinguisticData
0x00007fff52c85000 	/System/Library/PrivateFrameworks/Lexicon.framework/Versions/A/Lexicon
0x00007fff64894000 	/usr/lib/libcmph.dylib
0x00007fff36b14000 	/System/Library/Frameworks/OpenDirectory.framework/Versions/A/Frameworks/CFOpenDirectory.framework/Versions/A/CFOpenDirectory
0x00007fff36b31000 	/System/Library/Frameworks/OpenDirectory.framework/Versions/A/OpenDirectory
0x00007fff3ef51000 	/System/Library/PrivateFrameworks/APFS.framework/Versions/A/APFS
0x00007fff3a220000 	/System/Library/Frameworks/SecurityFoundation.framework/Versions/A/SecurityFoundation
0x00007fff6695a000 	/usr/lib/libutil.dylib
0x00007fff4695d000 	/System/Library/PrivateFrameworks/CoreServicesStore.framework/Versions/A/CoreServicesStore
0x00007fff3a2d7000 	/System/Library/Frameworks/ServiceManagement.framework/Versions/A/ServiceManagement
0x00007fff42669000 	/System/Library/PrivateFrameworks/BackgroundTaskManagement.framework/Versions/A/BackgroundTaskManagement
0x00007fff66a57000 	/usr/lib/libxslt.1.dylib
0x00007fff4150d000 	/System/Library/PrivateFrameworks/AppleSystemInfo.framework/Versions/A/AppleSystemInfo
0x00007fff306d4000 	/System/Library/Frameworks/ImageIO.framework/Versions/A/Resources/libJPEG.dylib
0x00007fff30990000 	/System/Library/Frameworks/ImageIO.framework/Versions/A/Resources/libTIFF.dylib
0x00007fff30973000 	/System/Library/Frameworks/ImageIO.framework/Versions/A/Resources/libPng.dylib
0x00007fff30616000 	/System/Library/Frameworks/ImageIO.framework/Versions/A/Resources/libGIF.dylib
0x00007fff3061a000 	/System/Library/Frameworks/ImageIO.framework/Versions/A/Resources/libJP2.dylib
0x00007fff3098e000 	/System/Library/Frameworks/ImageIO.framework/Versions/A/Resources/libRadiance.dylib
0x00007fff652d8000 	/usr/lib/libexpat.1.dylib
0x00007fff40ff6000 	/System/Library/PrivateFrameworks/AppleJPEG.framework/Versions/A/AppleJPEG
0x00007fff49c38000 	/System/Library/PrivateFrameworks/FontServices.framework/libFontParser.dylib
0x00007fff6048c000 	/System/Library/PrivateFrameworks/WatchdogClient.framework/Versions/A/WatchdogClient
0x00007fff52212000 	/System/Library/PrivateFrameworks/IOAccelerator.framework/Versions/A/IOAccelerator
0x00007fff32e9e000 	/System/Library/Frameworks/MetalPerformanceShaders.framework/Versions/A/MetalPerformanceShaders
0x00007fff4e9ab000 	/System/Library/PrivateFrameworks/GPUWrangler.framework/Versions/A/GPUWrangler
0x00007fff52227000 	/System/Library/PrivateFrameworks/IOPresentment.framework/Versions/A/IOPresentment
0x00007fff474d9000 	/System/Library/PrivateFrameworks/DSExternalDisplay.framework/Versions/A/DSExternalDisplay
0x00007fff374a5000 	/System/Library/Frameworks/OpenGL.framework/Versions/A/Libraries/libCoreFSCache.dylib
0x00007fff32bea000 	/System/Library/Frameworks/MetalPerformanceShaders.framework/Frameworks/MPSCore.framework/Versions/A/MPSCore
0x00007fff32c28000 	/System/Library/Frameworks/MetalPerformanceShaders.framework/Frameworks/MPSImage.framework/Versions/A/MPSImage
0x00007fff32cef000 	/System/Library/Frameworks/MetalPerformanceShaders.framework/Frameworks/MPSNeuralNetwork.framework/Versions/A/MPSNeuralNetwork
0x00007fff32cb3000 	/System/Library/Frameworks/MetalPerformanceShaders.framework/Frameworks/MPSMatrix.framework/Versions/A/MPSMatrix
0x00007fff32e4e000 	/System/Library/Frameworks/MetalPerformanceShaders.framework/Frameworks/MPSRayIntersector.framework/Versions/A/MPSRayIntersector
0x00007fff32cd9000 	/System/Library/Frameworks/MetalPerformanceShaders.framework/Frameworks/MPSNDArray.framework/Versions/A/MPSNDArray
0x00007fff5408d000 	/System/Library/PrivateFrameworks/MetalTools.framework/Versions/A/MetalTools
0x00007fff40123000 	/System/Library/PrivateFrameworks/AggregateDictionary.framework/Versions/A/AggregateDictionary
0x00007fff44e82000 	/System/Library/PrivateFrameworks/CoreAnalytics.framework/Versions/A/CoreAnalytics
0x00007fff4142c000 	/System/Library/PrivateFrameworks/AppleSauce.framework/Versions/A/AppleSauce
0x00007fff64294000 	/usr/lib/libIOReport.dylib
0x00007fff2f5a6000 	/System/Library/Frameworks/CoreVideo.framework/Versions/A/CoreVideo
0x00007fff4fe25000 	/System/Library/PrivateFrameworks/GraphVisualizer.framework/Versions/A/GraphVisualizer
0x00007fff4918c000 	/System/Library/PrivateFrameworks/FaceCore.framework/Versions/A/FaceCore
0x00007fff36abb000 	/System/Library/Frameworks/OpenCL.framework/Versions/A/OpenCL
0x00007fff640b6000 	/usr/lib/libFosl_dynamic.dylib
0x00007fff55556000 	/System/Library/PrivateFrameworks/OTSVG.framework/Versions/A/OTSVG
0x00007fff2b768000 	/System/Library/Frameworks/ApplicationServices.framework/Versions/A/Frameworks/ATS.framework/Versions/A/Resources/libFontRegistry.dylib
0x00007fff49e09000 	/System/Library/PrivateFrameworks/FontServices.framework/libhvf.dylib
0x00007fff374b0000 	/System/Library/Frameworks/OpenGL.framework/Versions/A/Libraries/libGFXShared.dylib
0x00007fff3768e000 	/System/Library/Frameworks/OpenGL.framework/Versions/A/Libraries/libGLU.dylib
0x00007fff374b9000 	/System/Library/Frameworks/OpenGL.framework/Versions/A/Libraries/libGL.dylib
0x00007fff374c4000 	/System/Library/Frameworks/OpenGL.framework/Versions/A/Libraries/libGLImage.dylib
0x00007fff374a2000 	/System/Library/Frameworks/OpenGL.framework/Versions/A/Libraries/libCVMSPluginSupport.dylib
0x00007fff374ab000 	/System/Library/Frameworks/OpenGL.framework/Versions/A/Libraries/libCoreVMClient.dylib
0x00007fff65d2a000 	/usr/lib/libncurses.5.4.dylib
0x00007fff2b664000 	/System/Library/Frameworks/ApplicationServices.framework/Versions/A/Frameworks/ATS.framework/Versions/A/ATS
0x00007fff2b831000 	/System/Library/Frameworks/ApplicationServices.framework/Versions/A/Frameworks/ColorSyncLegacy.framework/Versions/A/ColorSyncLegacy
0x00007fff2b8cf000 	/System/Library/Frameworks/ApplicationServices.framework/Versions/A/Frameworks/HIServices.framework/Versions/A/HIServices
0x00007fff2b927000 	/System/Library/Frameworks/ApplicationServices.framework/Versions/A/Frameworks/LangAnalysis.framework/Versions/A/LangAnalysis
0x00007fff2b936000 	/System/Library/Frameworks/ApplicationServices.framework/Versions/A/Frameworks/PrintCore.framework/Versions/A/PrintCore
0x00007fff2b97c000 	/System/Library/Frameworks/ApplicationServices.framework/Versions/A/Frameworks/QD.framework/Versions/A/QD
0x00007fff2b987000 	/System/Library/Frameworks/ApplicationServices.framework/Versions/A/Frameworks/SpeechSynthesis.framework/Versions/A/SpeechSynthesis
0x00007fff2b801000 	/System/Library/Frameworks/ApplicationServices.framework/Versions/A/Frameworks/ATSUI.framework/Versions/A/ATSUI
0x00007fff6516c000 	/usr/lib/libcups.2.dylib
0x00007fff31f3b000 	/System/Library/Frameworks/Kerberos.framework/Versions/A/Kerberos
0x00007fff3007c000 	/System/Library/Frameworks/GSS.framework/Versions/A/GSS
0x00007fff664ab000 	/usr/lib/libresolv.9.dylib
0x00007fff4ffd3000 	/System/Library/PrivateFrameworks/Heimdal.framework/Versions/A/Heimdal
0x00007fff31f4e000 	/System/Library/Frameworks/Kerberos.framework/Versions/A/Libraries/libHeimdalProxy.dylib
0x00007fff65315000 	/usr/lib/libheimdal-asn1.dylib
0x00007fff4431b000 	/System/Library/PrivateFrameworks/CommonAuth.framework/Versions/A/CommonAuth
0x00007fff415aa000 	/System/Library/PrivateFrameworks/AssertionServices.framework/Versions/A/AssertionServices
0x00007fff4214c000 	/System/Library/PrivateFrameworks/AudioToolboxCore.framework/Versions/A/AudioToolboxCore
0x00007fff61136000 	/System/Library/PrivateFrameworks/caulk.framework/Versions/A/caulk
0x00007fff42715000 	/System/Library/PrivateFrameworks/BaseBoard.framework/Versions/A/BaseBoard
0x00007fff597a1000 	/System/Library/PrivateFrameworks/RunningBoardServices.framework/Versions/A/RunningBoardServices
0x00007fff567b5000 	/System/Library/PrivateFrameworks/PersistentConnection.framework/Versions/A/PersistentConnection
0x00007fff5919b000 	/System/Library/PrivateFrameworks/ProtocolBuffer.framework/Versions/A/ProtocolBuffer
0x00007fff4433f000 	/System/Library/PrivateFrameworks/CommonUtilities.framework/Versions/A/CommonUtilities
0x00007fff428a3000 	/System/Library/PrivateFrameworks/Bom.framework/Versions/A/Bom
0x00007fff63f67000 	/usr/lib/libAudioToolboxUtility.dylib
0x00007fff42673000 	/System/Library/PrivateFrameworks/Backup.framework/Versions/A/Backup
0x00007fff473fa000 	/System/Library/PrivateFrameworks/CrashReporterSupport.framework/Versions/A/CrashReporterSupport
0x00007fff5b22f000 	/System/Library/PrivateFrameworks/Sharing.framework/Versions/A/Sharing
0x00007fff40bb9000 	/System/Library/PrivateFrameworks/Apple80211.framework/Versions/A/Apple80211
0x00007fff42390000 	/System/Library/PrivateFrameworks/AuthKit.framework/Versions/A/AuthKit
0x00007fff4710a000 	/System/Library/PrivateFrameworks/CoreUtils.framework/Versions/A/CoreUtils
0x00007fff2f5eb000 	/System/Library/Frameworks/CoreWLAN.framework/Versions/A/CoreWLAN
0x00007fff30209000 	/System/Library/Frameworks/IOBluetooth.framework/Versions/A/IOBluetooth
0x00007fff54391000 	/System/Library/PrivateFrameworks/MobileKeyBag.framework/Versions/A/MobileKeyBag
0x00007fff45f10000 	/System/Library/PrivateFrameworks/CorePhoneNumbers.framework/Versions/A/CorePhoneNumbers
0x00007fff40fa9000 	/System/Library/PrivateFrameworks/AppleIDAuthSupport.framework/Versions/A/AppleIDAuthSupport
0x00007fff33f33000 	/System/Library/Frameworks/Network.framework/Versions/A/Network
0x00007fff52a62000 	/System/Library/PrivateFrameworks/KeychainCircle.framework/Versions/A/KeychainCircle
0x00007fff2d044000 	/System/Library/Frameworks/CoreBluetooth.framework/Versions/A/CoreBluetooth
0x00007fff5d2ac000 	/System/Library/PrivateFrameworks/SpeechRecognitionCore.framework/Versions/A/SpeechRecognitionCore
0x000000010b400000 	/Library/Java/JavaVirtualMachines/jdk1.8.0_251.jdk/Contents/Home/jre/lib/server/libjvm.dylib
0x00007fff6682d000 	/usr/lib/libstdc++.6.dylib
0x000000010ab26000 	/Library/Java/JavaVirtualMachines/jdk1.8.0_251.jdk/Contents/Home/jre/lib/libverify.dylib
0x000000010ab34000 	/Library/Java/JavaVirtualMachines/jdk1.8.0_251.jdk/Contents/Home/jre/lib/libjava.dylib
0x000000010ab6b000 	/Library/Java/JavaVirtualMachines/jdk1.8.0_251.jdk/Contents/Home/jre/lib/libjdwp.dylib
0x000000010abb6000 	/Library/Java/JavaVirtualMachines/jdk1.8.0_251.jdk/Contents/Home/jre/lib/libnpt.dylib
0x000000010abba000 	/Library/Java/JavaVirtualMachines/jdk1.8.0_251.jdk/Contents/Home/jre/lib/libinstrument.dylib
0x000000010abe7000 	/Library/Java/JavaVirtualMachines/jdk1.8.0_251.jdk/Contents/Home/jre/lib/libzip.dylib
0x0000000112da3000 	/Library/Java/JavaVirtualMachines/jdk1.8.0_251.jdk/Contents/Home/jre/lib/libdt_socket.dylib
0x0000000113119000 	/Library/Java/JavaVirtualMachines/jdk1.8.0_251.jdk/Contents/Home/jre/lib/libprism_es2.dylib
0x00007fff46929000 	/System/Library/PrivateFrameworks/CoreServicesInternal.framework/Versions/A/CoreServicesInternal
0x00007fff38116000 	/System/Library/Frameworks/OpenGL.framework/Versions/A/Resources/GLEngine.bundle/GLEngine
0x00007fff374f9000 	/System/Library/Frameworks/OpenGL.framework/Versions/A/Libraries/libGLProgrammability.dylib
0x00007fff22896000 	/System/Library/Extensions/AppleIntelBDWGraphicsGLDriver.bundle/Contents/MacOS/AppleIntelBDWGraphicsGLDriver
0x00007fff4e99f000 	/System/Library/PrivateFrameworks/GPUSupport.framework/Versions/A/Libraries/libGPUSupportMercury.dylib
0x00007fff38290000 	/System/Library/Frameworks/OpenGL.framework/Versions/A/Resources/GLRendererFloat.bundle/GLRendererFloat
0x00007fff36ab2000 	/System/Library/Frameworks/OpenCL.framework/Versions/A/Libraries/libcldcpuengine.dylib
0x00000001135e9000 	/Library/Java/JavaVirtualMachines/jdk1.8.0_251.jdk/Contents/Home/jre/lib/libglass.dylib
0x00007fff2fb07000 	/System/Library/Frameworks/FileProvider.framework/Versions/A/FileProvider
0x00007fff2a6ab000 	/System/Library/Frameworks/Accounts.framework/Versions/A/Accounts
0x00007fff4ecd0000 	/System/Library/PrivateFrameworks/GenerationalStorage.framework/Versions/A/GenerationalStorage
0x00007fff46eaf000 	/System/Library/PrivateFrameworks/CoreSymbolication.framework/Versions/A/CoreSymbolication
0x00007fff5daec000 	/System/Library/PrivateFrameworks/SymptomDiagnosticReporter.framework/Versions/A/SymptomDiagnosticReporter
0x00007fff406be000 	/System/Library/PrivateFrameworks/AppContainer.framework/Versions/A/AppContainer
0x00007fff664c5000 	/usr/lib/libsandbox.1.dylib
0x00007fff5f430000 	/System/Library/PrivateFrameworks/UserManagement.framework/Versions/A/UserManagement
0x00007fff4345b000 	/System/Library/PrivateFrameworks/ChunkingLibrary.framework/Versions/A/ChunkingLibrary
0x00007fff4762e000 	/System/Library/PrivateFrameworks/DebugSymbols.framework/Versions/A/DebugSymbols
0x00007fff40730000 	/System/Library/PrivateFrameworks/AppSandbox.framework/Versions/A/AppSandbox
0x00007fff5b0b9000 	/System/Library/PrivateFrameworks/SecCodeWrapper.framework/Versions/A/SecCodeWrapper
0x00007fff6437c000 	/usr/lib/libMatch.1.dylib
0x00007fff20614000 	/System/Library/CoreServices/RawCamera.bundle/Contents/MacOS/RawCamera
0x00007fff541bb000 	/System/Library/PrivateFrameworks/MobileAsset.framework/Versions/A/MobileAsset
0x00007fff5d994000 	/System/Library/PrivateFrameworks/StreamingZip.framework/Versions/A/StreamingZip
0x00007fff323b6000 	/System/Library/Frameworks/MediaToolbox.framework/Versions/A/MediaToolbox
0x00007fff44e32000 	/System/Library/PrivateFrameworks/CoreAVCHD.framework/Versions/A/CoreAVCHD
0x00007fff322e0000 	/System/Library/Frameworks/MediaAccessibility.framework/Versions/A/MediaAccessibility
0x00007fff53571000 	/System/Library/PrivateFrameworks/Mangrove.framework/Versions/A/Mangrove
0x00007fff2e7b3000 	/System/Library/Frameworks/CoreMedia.framework/Versions/A/CoreMedia
0x00007fff537dd000 	/System/Library/PrivateFrameworks/MediaExperience.framework/Versions/A/MediaExperience
0x00007fff3b273000 	/System/Library/Frameworks/VideoToolbox.framework/Versions/A/VideoToolbox
0x00007fff44a5c000 	/System/Library/PrivateFrameworks/CoreAUC.framework/Versions/A/CoreAUC
0x00007fff6651d000 	/usr/lib/libspindump.dylib
0x00007fff41afb000 	/System/Library/PrivateFrameworks/AudioResourceArbitration.framework/Versions/A/AudioResourceArbitration
0x00007fff41511000 	/System/Library/PrivateFrameworks/AppleVA.framework/Versions/A/AppleVA
0x00007fff29229000 	/System/Library/Frameworks/Accelerate.framework/Versions/A/Frameworks/vImage.framework/Versions/A/Libraries/libCGInterfaces.dylib
0x0000000114077000 	/usr/lib/libobjc-trampolines.dylib
0x00007fff495b6000 	/System/Library/PrivateFrameworks/FamilyControls.framework/Versions/A/FamilyControls
0x00007fff4430f000 	/System/Library/PrivateFrameworks/CommerceKit.framework/Versions/A/Frameworks/CommerceCore.framework/Versions/A/CommerceCore
0x00007fff5db66000 	/System/Library/PrivateFrameworks/SystemAdministration.framework/Versions/A/SystemAdministration
0x00007fff47b46000 	/System/Library/PrivateFrameworks/DiskManagement.framework/Versions/A/DiskManagement
0x00007fff2f834000 	/System/Library/Frameworks/DirectoryService.framework/Versions/A/DirectoryService
0x00007fff47a7d000 	/System/Library/PrivateFrameworks/DiskImages.framework/Versions/A/DiskImages
0x00007fff52d7d000 	/System/Library/PrivateFrameworks/LoginUIKit.framework/Versions/A/Frameworks/LoginUICore.framework/Versions/A/LoginUICore
0x00007fff63fe3000 	/usr/lib/libCoreStorage.dylib
0x00007fff65159000 	/usr/lib/libcsfde.dylib
0x00007fff663d8000 	/usr/lib/libodfde.dylib
0x00007fff53868000 	/System/Library/PrivateFrameworks/MediaKit.framework/Versions/A/MediaKit
0x00007fff2f840000 	/System/Library/Frameworks/DiscRecording.framework/Versions/A/DiscRecording
0x00007fff47cfa000 	/System/Library/PrivateFrameworks/EFILogin.framework/Versions/A/EFILogin
0x00007fff59140000 	/System/Library/PrivateFrameworks/ProtectedCloudStorage.framework/Versions/A/ProtectedCloudStorage
0x00007fff651cd000 	/usr/lib/libcurl.4.dylib
0x00007fff65052000 	/usr/lib/libcrypto.44.dylib
0x00007fff667fd000 	/usr/lib/libssl.46.dylib
0x00007fff31f4f000 	/System/Library/Frameworks/LDAP.framework/Versions/A/LDAP
0x00007fff5e52c000 	/System/Library/PrivateFrameworks/TrustEvaluationAgent.framework/Versions/A/TrustEvaluationAgent
0x00007fff6650a000 	/usr/lib/libsasl2.2.dylib
0x00007fff4519c000 	/System/Library/PrivateFrameworks/CoreDaemon.framework/Versions/B/CoreDaemon
0x00007fff41427000 	/System/Library/PrivateFrameworks/AppleSRP.framework/Versions/A/AppleSRP
0x00007fff601fc000 	/System/Library/PrivateFrameworks/ViewBridge.framework/Versions/A/ViewBridge
0x00007fff49d70000 	/System/Library/PrivateFrameworks/FontServices.framework/libTrueTypeScaler.dylib
0x00007fff22d9b000 	/System/Library/Extensions/AppleIntelBDWGraphicsMTLDriver.bundle/Contents/MacOS/AppleIntelBDWGraphicsMTLDriver
0x00007fff4d2fa000 	/System/Library/PrivateFrameworks/GPUCompiler.framework/Versions/3902/Libraries/libmetal_timestamp.dylib
0x00000001278c4000 	/Users/nicolascruzcarpio/.javacpp/cache/opencv-3.2.0-1.3-macosx-x86_64.jar/org/bytedeco/javacpp/macosx-x86_64/libopencv_core.3.2.dylib
0x00000001263d3000 	/Library/Java/JavaVirtualMachines/jdk1.8.0_251.jdk/Contents/Home/jre/lib/libnio.dylib
0x00000001263e3000 	/Library/Java/JavaVirtualMachines/jdk1.8.0_251.jdk/Contents/Home/jre/lib/libnet.dylib
0x0000000127b6f000 	/Users/nicolascruzcarpio/.javacpp/cache/opencv-3.2.0-1.3-macosx-x86_64.jar/org/bytedeco/javacpp/macosx-x86_64/libopencv_imgproc.3.2.dylib
0x0000000127f0b000 	/Users/nicolascruzcarpio/.javacpp/cache/opencv-3.2.0-1.3-macosx-x86_64.jar/org/bytedeco/javacpp/macosx-x86_64/libjniopencv_core.dylib
0x00007fff31f36000 	/System/Library/Frameworks/JavaVM.framework/Versions/A/JavaVM
0x00007fff52879000 	/System/Library/PrivateFrameworks/JavaLaunching.framework/Versions/A/JavaLaunching
0x00000001281a1000 	/Library/Java/JavaVirtualMachines/jdk1.8.0_251.jdk/Contents/Home/jre/lib/libawt.dylib
0x000000012824a000 	/Library/Java/JavaVirtualMachines/jdk1.8.0_251.jdk/Contents/Home/jre/lib/libmlib_image.dylib
0x00007fff31f24000 	/System/Library/Frameworks/JavaVM.framework/Versions/A/Frameworks/JavaNativeFoundation.framework/Versions/A/JavaNativeFoundation
0x00007fff31f2d000 	/System/Library/Frameworks/JavaVM.framework/Versions/A/Frameworks/JavaRuntimeSupport.framework/Versions/A/JavaRuntimeSupport
0x00007fff2c215000 	/System/Library/Frameworks/Carbon.framework/Versions/A/Carbon
0x00007fff2c216000 	/System/Library/Frameworks/Carbon.framework/Versions/A/Frameworks/CommonPanels.framework/Versions/A/CommonPanels
0x00007fff2c50f000 	/System/Library/Frameworks/Carbon.framework/Versions/A/Frameworks/Help.framework/Versions/A/Help
0x00007fff2c513000 	/System/Library/Frameworks/Carbon.framework/Versions/A/Frameworks/ImageCapture.framework/Versions/A/ImageCapture
0x00007fff2c51a000 	/System/Library/Frameworks/Carbon.framework/Versions/A/Frameworks/OpenScripting.framework/Versions/A/OpenScripting
0x00007fff2c519000 	/System/Library/Frameworks/Carbon.framework/Versions/A/Frameworks/Ink.framework/Versions/A/Ink
0x00007fff2c555000 	/System/Library/Frameworks/Carbon.framework/Versions/A/Frameworks/Print.framework/Versions/A/Print
0x00007fff2c556000 	/System/Library/Frameworks/Carbon.framework/Versions/A/Frameworks/SecurityHI.framework/Versions/A/SecurityHI
0x0000000128316000 	/Library/Java/JavaVirtualMachines/jdk1.8.0_251.jdk/Contents/Home/jre/lib/libawt_lwawt.dylib
0x00000001253bd000 	/Library/Java/JavaVirtualMachines/jdk1.8.0_251.jdk/Contents/Home/jre/lib/libosxapp.dylib
0x00007fff2fae8000 	/System/Library/Frameworks/ExceptionHandling.framework/Versions/A/ExceptionHandling
0x00000001267ef000 	/Library/Java/JavaVirtualMachines/jdk1.8.0_251.jdk/Contents/Home/jre/lib/libfontmanager.dylib
0x000000012521e000 	/Library/Java/JavaVirtualMachines/jdk1.8.0_251.jdk/Contents/Home/jre/lib/libosxui.dylib
0x00007fff61489000 	/System/Library/PrivateFrameworks/login.framework/Versions/A/login
0x0000000125be6000 	/Library/Java/JavaVirtualMachines/jdk1.8.0_251.jdk/Contents/Home/jre/lib/libjavafx_font.dylib
0x000000012a20b000 	/Library/Java/JavaVirtualMachines/jdk1.8.0_251.jdk/Contents/Home/jre/lib/libjavafx_iio.dylib
0x00000001265bf000 	/System/Library/Frameworks/FileProvider.framework/OverrideBundles/CloudDocsFileProvider.bundle/Contents/MacOS/CloudDocsFileProvider
0x00007fff435ce000 	/System/Library/PrivateFrameworks/CloudDocs.framework/Versions/A/CloudDocs
0x00007fff5d37c000 	/System/Library/PrivateFrameworks/SpotlightIndex.framework/Versions/A/SpotlightIndex
0x00007fff582b1000 	/System/Library/PrivateFrameworks/PowerLog.framework/Versions/A/PowerLog
0x00000001265ca000 	/System/Library/Frameworks/FileProvider.framework/OverrideBundles/FileProviderOverride.bundle/Contents/MacOS/FileProviderOverride
0x000000012a0fc000 	/System/Library/Frameworks/FileProvider.framework/OverrideBundles/FinderSyncCollaborationFileProviderOverride.bundle/Contents/MacOS/FinderSyncCollaborationFileProviderOverride
0x00007fff49bf1000 	/System/Library/PrivateFrameworks/FinderSyncPriv.framework/Versions/A/FinderSyncPriv
0x00007fff2c560000 	/System/Library/Frameworks/CloudKit.framework/Versions/A/CloudKit
0x00007fff41401000 	/System/Library/PrivateFrameworks/ApplePushService.framework/Versions/A/ApplePushService
0x00007fff429fd000 	/System/Library/PrivateFrameworks/C2.framework/Versions/A/C2
0x00007fff2e3f3000 	/System/Library/Frameworks/CoreLocation.framework/Versions/A/CoreLocation
0x00007fff38773000 	/System/Library/Frameworks/PushKit.framework/Versions/A/PushKit
0x00007fff3408b000 	/System/Library/Frameworks/NetworkExtension.framework/Versions/A/NetworkExtension
0x00007fff66305000 	/usr/lib/libnetworkextension.dylib
0x00007fff58256000 	/System/Library/PrivateFrameworks/PlugInKit.framework/Versions/A/PlugInKit
0x00007fff47cc4000 	/System/Library/PrivateFrameworks/EAP8021X.framework/Versions/A/EAP8021X
0x00007fff4ed0f000 	/System/Library/PrivateFrameworks/GeoServices.framework/Versions/A/GeoServices
0x00007fff52d00000 	/System/Library/PrivateFrameworks/LocationSupport.framework/Versions/A/LocationSupport
0x00007fff4fe51000 	/System/Library/PrivateFrameworks/HDRProcessing.framework/Versions/A/HDRProcessing
0x000000012545a000 	/Library/Java/JavaVirtualMachines/jdk1.8.0_251.jdk/Contents/Home/jre/lib/libprism_common.dylib
0x0000000135543000 	/Users/nicolascruzcarpio/.javacpp/cache/opencv-3.2.0-1.3-macosx-x86_64.jar/org/bytedeco/javacpp/macosx-x86_64/libjniopencv_imgproc.dylib
0x000000013565a000 	/Users/nicolascruzcarpio/.javacpp/cache/opencv-3.2.0-1.3-macosx-x86_64.jar/org/bytedeco/javacpp/macosx-x86_64/libopencv_imgcodecs.3.2.dylib
0x000000012bb21000 	/Users/nicolascruzcarpio/.javacpp/cache/opencv-3.2.0-1.3-macosx-x86_64.jar/org/bytedeco/javacpp/macosx-x86_64/libjniopencv_imgcodecs.dylib
0x0000000135b63000 	/Users/nicolascruzcarpio/.javacpp/cache/opencv-3.2.0-1.3-macosx-x86_64.jar/org/bytedeco/javacpp/macosx-x86_64/libopencv_videoio.3.2.dylib
0x00007fff28e40000 	/System/Library/Frameworks/AVFoundation.framework/Versions/A/AVFoundation
0x00007fff2903c000 	/System/Library/Frameworks/AVFoundation.framework/Versions/A/Frameworks/AVFAudio.framework/Versions/A/AVFAudio
0x00007fff2e890000 	/System/Library/Frameworks/CoreMediaIO.framework/Versions/A/CoreMediaIO
0x00007fff63f5a000 	/usr/lib/libAudioStatistics.dylib
0x00007fff614ce000 	/System/Library/PrivateFrameworks/perfdata.framework/Versions/A/perfdata
0x00007fff66467000 	/usr/lib/libperfcheck.dylib
0x00007fff64452000 	/usr/lib/libSMC.dylib
0x000000012a1f2000 	/Users/nicolascruzcarpio/.javacpp/cache/opencv-3.2.0-1.3-macosx-x86_64.jar/org/bytedeco/javacpp/macosx-x86_64/libjniopencv_videoio.dylib
0x000000012b88d000 	/Users/nicolascruzcarpio/.javacpp/cache/opencv-3.2.0-1.3-macosx-x86_64.jar/org/bytedeco/javacpp/macosx-x86_64/libopencv_highgui.3.2.dylib
0x0000000135b88000 	/Users/nicolascruzcarpio/.javacpp/cache/opencv-3.2.0-1.3-macosx-x86_64.jar/org/bytedeco/javacpp/macosx-x86_64/libjniopencv_highgui.dylib
0x0000000135c67000 	/Users/nicolascruzcarpio/.javacpp/cache/opencv-3.2.0-1.3-macosx-x86_64.jar/org/bytedeco/javacpp/macosx-x86_64/libopencv_ml.3.2.dylib
0x0000000135dbb000 	/Users/nicolascruzcarpio/.javacpp/cache/opencv-3.2.0-1.3-macosx-x86_64.jar/org/bytedeco/javacpp/macosx-x86_64/libjniopencv_ml.dylib
0x0000000135e0b000 	/Users/nicolascruzcarpio/.javacpp/cache/opencv-3.2.0-1.3-macosx-x86_64.jar/org/bytedeco/javacpp/macosx-x86_64/libopencv_objdetect.3.2.dylib
0x0000000135e84000 	/Users/nicolascruzcarpio/.javacpp/cache/opencv-3.2.0-1.3-macosx-x86_64.jar/org/bytedeco/javacpp/macosx-x86_64/libjniopencv_objdetect.dylib
0x0000000135f72000 	/Users/nicolascruzcarpio/.javacpp/cache/opencv-3.2.0-1.3-macosx-x86_64.jar/org/bytedeco/javacpp/macosx-x86_64/libopencv_face.3.2.dylib
0x00000001298da000 	/Users/nicolascruzcarpio/.javacpp/cache/opencv-3.2.0-1.3-macosx-x86_64.jar/org/bytedeco/javacpp/macosx-x86_64/libjniopencv_face.dylib
0x0000000135f02000 	/System/Library/Frameworks/CoreMediaIO.framework/Resources/AppleCamera.plugin/Contents/MacOS/AppleCamera
0x000000013619b000 	/System/Library/Frameworks/CoreMediaIO.framework/Resources/VDC.plugin/Contents/MacOS/VDC
0x0000000137523000 	/System/Library/Frameworks/CoreMediaIO.framework/Resources/BaseUnits/CMIOBaseUnits.bundle/Contents/MacOS/CMIOBaseUnits
0x0000000137673000 	/System/Library/Frameworks/CoreMediaIO.framework/Resources/CMIOUnits.bundle/Contents/MacOS/CMIOUnits
0x00007fff49176000 	/System/Library/PrivateFrameworks/FWAVC.framework/Versions/A/FWAVC
0x0000000137d59000 	/System/Library/Components/AudioCodecs.component/Contents/MacOS/AudioCodecs
0x00007fff40eab000 	/System/Library/PrivateFrameworks/AppleGVA.framework/Versions/A/AppleGVA

VM Arguments:
jvm_args: -agentlib:jdwp=transport=dt_socket,address=127.0.0.1:49332,suspend=y,server=n -javaagent:/Users/nicolascruzcarpio/Library/Caches/IntelliJIdea2019.3/captureAgent/debugger-agent.jar -Dfile.encoding=UTF-8 
java_command: application.Main
java_class_path (initial): /Library/Java/JavaVirtualMachines/jdk1.8.0_251.jdk/Contents/Home/jre/lib/charsets.jar:/Library/Java/JavaVirtualMachines/jdk1.8.0_251.jdk/Contents/Home/jre/lib/deploy.jar:/Library/Java/JavaVirtualMachines/jdk1.8.0_251.jdk/Contents/Home/jre/lib/ext/cldrdata.jar:/Library/Java/JavaVirtualMachines/jdk1.8.0_251.jdk/Contents/Home/jre/lib/ext/dnsns.jar:/Library/Java/JavaVirtualMachines/jdk1.8.0_251.jdk/Contents/Home/jre/lib/ext/jaccess.jar:/Library/Java/JavaVirtualMachines/jdk1.8.0_251.jdk/Contents/Home/jre/lib/ext/jfxrt.jar:/Library/Java/JavaVirtualMachines/jdk1.8.0_251.jdk/Contents/Home/jre/lib/ext/localedata.jar:/Library/Java/JavaVirtualMachines/jdk1.8.0_251.jdk/Contents/Home/jre/lib/ext/nashorn.jar:/Library/Java/JavaVirtualMachines/jdk1.8.0_251.jdk/Contents/Home/jre/lib/ext/sunec.jar:/Library/Java/JavaVirtualMachines/jdk1.8.0_251.jdk/Contents/Home/jre/lib/ext/sunjce_provider.jar:/Library/Java/JavaVirtualMachines/jdk1.8.0_251.jdk/Contents/Home/jre/lib/ext/sunpkcs11.jar:/Library/Java/JavaVirtualMachines/jdk1.8.0_251.jdk/Contents/Home/jre/lib/ext/zipfs.jar:/Library/Java/JavaVirtualMachines/jdk1.8.0_251.jdk/Contents/Home/jre/lib/javaws.jar:/Library/Java/JavaVirtualMachines/jdk1.8.0_251.jdk/Contents/Home/jre/lib/jce.jar:/Library/Java/JavaVirtualMachines/jdk1.8.0_251.jdk/Contents/Home/jre/lib/jfr.jar:/Library/Java/JavaVirtualMachines/jdk1.8.0_251.jdk/Contents/Home/jre/lib/jfxswt.jar:/Library/Java/JavaVirtualMachines/jdk1.8.0_251.jdk/Contents/Home/jre/lib/jsse.jar:/Library/Java/JavaVirtualMachines/jdk1.8.0_251.jdk/Contents/Home/jre/lib/management-agent.jar:/Library/Java/JavaVirtualMachines/jdk1.8.0_251.jdk/Contents/Home/jre/lib/plugin.jar:/Library/Java/JavaVirtualMachines/jdk1.8.0_251.jdk/Contents/Home/jre/lib/resources.jar:/Library/Java/JavaVirtualMachines/jdk1.8.0_251.jdk/Contents/Home/jre/lib/rt.jar:/Library/Java/JavaVirtualMachines/jdk1.8.0_251.jdk/Contents/Home/lib/ant-javafx.jar:/Library/Java/JavaVirtualMachines/jdk1.8.0_251.jdk/Contents/Home
Launcher Type: SUN_STANDARD

Environment Variables:
PATH=/usr/local/bin:/usr/bin:/bin:/usr/sbin:/sbin
SHELL=/bin/zsh

Signal Handlers:
SIGSEGV: [libjvm.dylib+0x5bc2ff], sa_mask[0]=11111111011111110111111111111111, sa_flags=SA_ONSTACK|SA_RESTART|SA_SIGINFO
SIGBUS: [libjvm.dylib+0x5bc2ff], sa_mask[0]=11111111011111110111111111111111, sa_flags=SA_RESTART|SA_SIGINFO
SIGFPE: [libjvm.dylib+0x48d41c], sa_mask[0]=11111111011111110111111111111111, sa_flags=SA_RESTART|SA_SIGINFO
SIGPIPE: [libjvm.dylib+0x48d41c], sa_mask[0]=11111111011111110111111111111111, sa_flags=SA_RESTART|SA_SIGINFO
SIGXFSZ: [libjvm.dylib+0x48d41c], sa_mask[0]=11111111011111110111111111111111, sa_flags=SA_RESTART|SA_SIGINFO
SIGILL: [libjvm.dylib+0x48d41c], sa_mask[0]=11111111011111110111111111111111, sa_flags=SA_RESTART|SA_SIGINFO
SIGUSR1: SIG_DFL, sa_mask[0]=00000000000000000000000000000000, sa_flags=none
SIGUSR2: [libjvm.dylib+0x48cf3a], sa_mask[0]=00100000000000000000000000000000, sa_flags=SA_RESTART|SA_SIGINFO
SIGHUP: [libjvm.dylib+0x48b4c5], sa_mask[0]=11111111011111110111111111111111, sa_flags=SA_RESTART|SA_SIGINFO
SIGINT: [libjvm.dylib+0x48b4c5], sa_mask[0]=11111111011111110111111111111111, sa_flags=SA_RESTART|SA_SIGINFO
SIGTERM: [libjvm.dylib+0x48b4c5], sa_mask[0]=11111111011111110111111111111111, sa_flags=SA_RESTART|SA_SIGINFO
SIGQUIT: [libjvm.dylib+0x48b4c5], sa_mask[0]=11111111011111110111111111111111, sa_flags=SA_RESTART|SA_SIGINFO


---------------  S Y S T E M  ---------------

OS:Bsduname:Darwin 19.4.0 Darwin Kernel Version 19.4.0: Wed Mar  4 22:28:40 PST 2020; root:xnu-6153.101.6~15/RELEASE_X86_64 x86_64
rlimit: STACK 8192k, CORE 0k, NPROC 1392, NOFILE 10240, AS infinity
load average:2.76 2.73 2.67

CPU:total 4 (initial active 4) (2 cores per cpu, 2 threads per core) family 6 model 61 stepping 4, cmov, cx8, fxsr, mmx, sse, sse2, sse3, ssse3, sse4.1, sse4.2, popcnt, avx, avx2, aes, clmul, erms, 3dnowpref, lzcnt, ht, tsc, tscinvbit, bmi1, bmi2, adx

Memory: 4k page, physical 8388608k(145388k free)

/proc/meminfo:


vm_info: Java HotSpot(TM) 64-Bit Server VM (25.251-b08) for bsd-amd64 JRE (1.8.0_251-b08), built on Mar 12 2020 02:36:37 by "java_re" with gcc 4.2.1 (Based on Apple Inc. build 5658) (LLVM build 2336.11.00)

time: Sun May 31 12:36:13 2020
timezone: -05
elapsed time: 586 seconds (0d 0h 9m 46s)

